<?xml version="1.0" encoding="UTF-8"?>
<!-- Generated by org.testng.reporters.JUnitReportReporter -->
<testsuite hostname="DESKTOP-K234SKN" failures="0" tests="1" name="Testcases.BasicClass" time="0.003" errors="0" timestamp="16 Jun 2023 10:42:51 GMT" skipped="0">
  <testcase classname="Testcases.BasicClass" name="test3" time="0.003"/>
</testsuite> <!-- Testcases.BasicClass -->
