<?xml version="1.0" encoding="UTF-8"?>
<!-- Generated by org.testng.reporters.JUnitReportReporter -->
<testsuite hostname="DESKTOP-K234SKN" failures="0" tests="2" name="Testcases.icicibanktest" time="0.003" errors="0" timestamp="14 Jun 2023 07:00:32 GMT" skipped="0">
  <testcase classname="Testcases.icicibanktest" name="Testcase2" time="0.001"/>
  <testcase classname="Testcases.icicibanktest" name="Test1" time="0.002"/>
</testsuite> <!-- Testcases.icicibanktest -->
