<?xml version="1.0" encoding="UTF-8"?>
<!-- Generated by org.testng.reporters.JUnitReportReporter -->
<testsuite hostname="DESKTOP-K234SKN" failures="0" tests="2" name="Testcases.BankTestCase" time="0.008" errors="0" timestamp="16 Jun 2023 09:09:44 GMT" skipped="0">
  <testcase classname="Testcases.BankTestCase" name="Test1" time="0.003"/>
  <testcase classname="Testcases.BankTestCase" name="Test2" time="0.005"/>
</testsuite> <!-- Testcases.BankTestCase -->
