<?xml version="1.0" encoding="UTF-8"?>
<!-- Generated by org.testng.reporters.JUnitReportReporter -->
<testsuite hostname="DESKTOP-K234SKN" failures="0" tests="1" name="Testcases.axisbankdeposited" time="0.019" errors="0" timestamp="16 Jun 2023 10:42:51 GMT" skipped="0">
  <testcase classname="Testcases.axisbankdeposited" name="test4" time="0.019"/>
</testsuite> <!-- Testcases.axisbankdeposited -->
