<?xml version="1.0" encoding="UTF-8"?>
<!-- Generated by org.testng.reporters.JUnitReportReporter -->
<testsuite hostname="DESKTOP-K234SKN" failures="0" tests="1" name="Testcases.BasicClass" time="0.000" errors="0" timestamp="16 Jun 2023 09:09:44 GMT" skipped="0">
  <testcase classname="Testcases.BasicClass" name="test3" time="0.000"/>
</testsuite> <!-- Testcases.BasicClass -->
