<?xml version="1.0" encoding="UTF-8"?>
<!-- Generated by org.testng.reporters.JUnitReportReporter -->
<testsuite hostname="DESKTOP-K234SKN" failures="0" tests="2" name="Test6.swaglab2" time="12.141" errors="0" timestamp="23 Jun 2023 16:31:37 GMT" skipped="0">
  <testcase classname="Test6.swaglab2" name="lab2" time="5.189"/>
  <testcase classname="Test6.swaglab2" name="lab1" time="6.952"/>
</testsuite> <!-- Test6.swaglab2 -->
