<?xml version="1.0" encoding="UTF-8"?>
<!-- Generated by org.testng.reporters.JUnitReportReporter -->
<testsuite hostname="DESKTOP-K234SKN" failures="0" tests="1" name="Test5.facebook1" time="6.949" errors="0" timestamp="23 Jun 2023 16:30:27 GMT" skipped="0">
  <testcase classname="Test5.facebook1" name="test5" time="6.949"/>
</testsuite> <!-- Test5.facebook1 -->
