<?xml version="1.0" encoding="UTF-8"?>
<!-- Generated by org.testng.reporters.JUnitReportReporter -->
<testsuite hostname="DESKTOP-K234SKN" failures="0" tests="1" name="TestCases.Excelretrive" time="17.445" errors="0" timestamp="22 Jun 2023 11:54:52 GMT" skipped="0">
  <testcase classname="TestCases.Excelretrive" name="Retrieve" time="17.445"/>
</testsuite> <!-- TestCases.Excelretrive -->
